<?xml version="1.0" encoding="UTF-8"?>
<!-- Generated by org.testng.reporters.JUnitReportReporter -->
<testsuite skipped="0" hostname="LAPTOP-SQK254G1" name="Jaswanth.Automation.PractiseTests.SampleTestNGAnnotationsOrder" tests="2" failures="0" timestamp="2021-10-14T10:25:01 IST" time="0.013" errors="0">
  <testcase name="scenario3" time="0.010" classname="Jaswanth.Automation.PractiseTests.SampleTestNGAnnotationsOrder"/>
  <system-out/>
  <testcase name="scenario1" time="0.003" classname="Jaswanth.Automation.PractiseTests.SampleTestNGAnnotationsOrder"/>
  <system-out/>
</testsuite> <!-- Jaswanth.Automation.PractiseTests.SampleTestNGAnnotationsOrder -->
