<?xml version="1.0" encoding="UTF-8"?>
<!-- Generated by org.testng.reporters.JUnitReportReporter -->
<testsuite hostname="LAPTOP-SQK254G1" name="Jaswanth.Automation.PractiseTests.FirstTestWithTestNGFramework" tests="1" failures="0" timestamp="18 Aug 2021 04:06:19 GMT" time="19.582" errors="0">
  <testcase name="signUp" time="19.582" classname="Jaswanth.Automation.PractiseTests.FirstTestWithTestNGFramework"/>
</testsuite> <!-- Jaswanth.Automation.PractiseTests.FirstTestWithTestNGFramework -->
